<?xml version="1.0" encoding="UTF-8"?>
<testng-results ignored="0" total="1" passed="1" failed="0" skipped="0">
  <reporter-output>
  </reporter-output>
  <suite started-at="2024-11-27T00:45:19 IST" name="Surefire suite" finished-at="2024-11-27T00:45:34 IST" duration-ms="15237">
    <groups>
    </groups>
    <test started-at="2024-11-27T00:45:19 IST" name="Surefire test" finished-at="2024-11-27T00:45:34 IST" duration-ms="15237">
      <class name="FitPeo.StandAloneTest">
        <test-method is-config="true" signature="launchbrowser()[pri:0, instance:FitPeo.StandAloneTest@161479c6]" started-at="2024-11-27T00:45:19 IST" name="launchbrowser" finished-at="2024-11-27T00:45:27 IST" duration-ms="7894" status="PASS">
          <reporter-output>
          </reporter-output>
        </test-method> <!-- launchbrowser -->
        <test-method signature="FitPeoTest()[pri:0, instance:FitPeo.StandAloneTest@161479c6]" started-at="2024-11-27T00:45:27 IST" name="FitPeoTest" finished-at="2024-11-27T00:45:34 IST" duration-ms="7010" status="PASS">
          <reporter-output>
          </reporter-output>
        </test-method> <!-- FitPeoTest -->
        <test-method is-config="true" signature="close_browser()[pri:0, instance:FitPeo.StandAloneTest@161479c6]" started-at="2024-11-27T00:45:34 IST" name="close_browser" finished-at="2024-11-27T00:45:34 IST" duration-ms="259" status="PASS">
          <reporter-output>
          </reporter-output>
        </test-method> <!-- close_browser -->
      </class> <!-- FitPeo.StandAloneTest -->
    </test> <!-- Surefire test -->
  </suite> <!-- Surefire suite -->
</testng-results>
