<?xml version="1.0" encoding="UTF-8"?>
<testng-results ignored="0" total="1" passed="1" failed="0" skipped="0">
  <reporter-output>
  </reporter-output>
  <suite started-at="2024-11-27T00:48:16 IST" name="Suite" finished-at="2024-11-27T00:48:28 IST" duration-ms="11905">
    <groups>
    </groups>
    <test started-at="2024-11-27T00:48:16 IST" name="RevenueCalculator" finished-at="2024-11-27T00:48:28 IST" duration-ms="11905">
      <class name="FitPeo.StandAloneTest">
        <test-method is-config="true" signature="launchbrowser()[pri:0, instance:FitPeo.StandAloneTest@327514f]" started-at="2024-11-27T00:48:16 IST" name="launchbrowser" finished-at="2024-11-27T00:48:21 IST" duration-ms="5304" status="PASS">
          <reporter-output>
          </reporter-output>
        </test-method> <!-- launchbrowser -->
        <test-method signature="FitPeoTest()[pri:0, instance:FitPeo.StandAloneTest@327514f]" started-at="2024-11-27T00:48:21 IST" name="FitPeoTest" finished-at="2024-11-27T00:48:27 IST" duration-ms="6239" status="PASS">
          <reporter-output>
          </reporter-output>
        </test-method> <!-- FitPeoTest -->
        <test-method is-config="true" signature="close_browser()[pri:0, instance:FitPeo.StandAloneTest@327514f]" started-at="2024-11-27T00:48:27 IST" name="close_browser" finished-at="2024-11-27T00:48:28 IST" duration-ms="286" status="PASS">
          <reporter-output>
          </reporter-output>
        </test-method> <!-- close_browser -->
      </class> <!-- FitPeo.StandAloneTest -->
    </test> <!-- RevenueCalculator -->
  </suite> <!-- Suite -->
</testng-results>
